9/26/2022 2:21:05 PM	This log contains information about the import schema operation into project 'Datovy.Heathcare.ContractTracing' on computer 'OPENK-MINI-02' by user 'esobr'.
9/26/2022 2:21:05 PM	Import of database schema has started.
9/26/2022 2:21:08 PM	Gathering database credentials
9/26/2022 2:21:08 PM	Gathering database options
9/26/2022 2:21:08 PM	Gathering generic database scoped configuration option
9/26/2022 2:21:08 PM	Gathering users
9/26/2022 2:21:08 PM	Gathering roles
9/26/2022 2:21:08 PM	Gathering application roles
9/26/2022 2:21:08 PM	Gathering role memberships
9/26/2022 2:21:08 PM	Gathering filegroups
9/26/2022 2:21:08 PM	Gathering full-text catalogs
9/26/2022 2:21:08 PM	Gathering assemblies
9/26/2022 2:21:08 PM	Gathering certificates
9/26/2022 2:21:08 PM	Gathering asymmetric keys
9/26/2022 2:21:08 PM	Gathering symmetric keys
9/26/2022 2:21:08 PM	Gathering encrypted symmetric keys
9/26/2022 2:21:08 PM	Gathering schemas
9/26/2022 2:21:08 PM	Gathering XML schema collections
9/26/2022 2:21:08 PM	Gathering user-defined data types
9/26/2022 2:21:08 PM	Gathering user-defined types
9/26/2022 2:21:08 PM	Gathering table types
9/26/2022 2:21:08 PM	Gathering unique keys for table types
9/26/2022 2:21:08 PM	Gathering primary keys for table types
9/26/2022 2:21:08 PM	Gathering indexes for table types
9/26/2022 2:21:08 PM	Gathering check constraints for table types
9/26/2022 2:21:08 PM	Gathering default constraints for table types
9/26/2022 2:21:08 PM	Gathering partition functions
9/26/2022 2:21:08 PM	Gathering partition schemes
9/26/2022 2:21:08 PM	Gathering functions
9/26/2022 2:21:08 PM	Gathering encrypted functions
9/26/2022 2:21:08 PM	Gathering aggregates
9/26/2022 2:21:08 PM	Gathering procedures
9/26/2022 2:21:08 PM	Gathering encrypted procedures
9/26/2022 2:21:08 PM	Gathering tables
9/26/2022 2:21:08 PM	Gathering primary keys
9/26/2022 2:21:08 PM	Gathering unique constraints
9/26/2022 2:21:08 PM	Gathering foreign keys
9/26/2022 2:21:08 PM	Gathering default constraints
9/26/2022 2:21:08 PM	Gathering check constraints
9/26/2022 2:21:08 PM	Gathering views
9/26/2022 2:21:08 PM	Gathering encrypted views
9/26/2022 2:21:08 PM	Gathering indexes
9/26/2022 2:21:08 PM	Gathering statistics
9/26/2022 2:21:08 PM	Gathering full-text index stoplists
9/26/2022 2:21:08 PM	Gathering search property lists
9/26/2022 2:21:08 PM	Gathering search properties
9/26/2022 2:21:08 PM	Gathering full-text indexes
9/26/2022 2:21:08 PM	Gathering column store indexes
9/26/2022 2:21:08 PM	Gathering spatial indexes
9/26/2022 2:21:08 PM	Gathering XML indexes
9/26/2022 2:21:08 PM	Gathering Selective XML indexes
9/26/2022 2:21:08 PM	Gathering encrypted triggers
9/26/2022 2:21:08 PM	Gathering triggers
9/26/2022 2:21:08 PM	Gathering encrypted and clr ddl triggers
9/26/2022 2:21:08 PM	Gathering ddl triggers
9/26/2022 2:21:08 PM	Creating edge constraints
9/26/2022 2:21:08 PM	Gathering synonyms
9/26/2022 2:21:08 PM	Gathering defaults
9/26/2022 2:21:08 PM	Gathering data constraint uddt bindings
9/26/2022 2:21:08 PM	Gathering rules
9/26/2022 2:21:08 PM	Gathering data constraint uddt bindings
9/26/2022 2:21:08 PM	Gathering message types
9/26/2022 2:21:08 PM	Gathering queues
9/26/2022 2:21:08 PM	Gathering contracts
9/26/2022 2:21:08 PM	Gathering services
9/26/2022 2:21:08 PM	Gathering event notifications
9/26/2022 2:21:08 PM	Gathering remote service bindings
9/26/2022 2:21:08 PM	Gathering broker priorities
9/26/2022 2:21:08 PM	Gathering signatures
9/26/2022 2:21:08 PM	Gathering data compression options
9/26/2022 2:21:08 PM	Gathering sequence types
9/26/2022 2:21:08 PM	Gathering security policies
9/26/2022 2:21:08 PM	Gather column encryption keys
9/26/2022 2:21:08 PM	Gathering column master keys
9/26/2022 2:21:08 PM	Gathering external data sources
9/26/2022 2:21:08 PM	Gathering external file formats
9/26/2022 2:21:08 PM	Gathering external tables
9/26/2022 2:21:08 PM	Gathering extended properties
9/26/2022 2:21:08 PM	Gathering assemblies
9/26/2022 2:21:08 PM	Gathering credentials
9/26/2022 2:21:08 PM	Gathering logins
9/26/2022 2:21:08 PM	Gathering server audits
9/26/2022 2:21:09 PM	Scanning project for duplicate elements
9/26/2022 2:21:09 PM	Finished duplicate element processing
9/26/2022 2:21:10 PM	Finished importing database.
9/26/2022 2:21:10 PM	A summary of the import was saved to the following location: C:\prjs\Healthcare\Datovy.Heathcare\Datovy.Heathcare.ContractTracing\Import Schema Logs\Datovy.Heathcare.Con_20220926062105.log
9/26/2022 2:21:10 PM	Click Finish to continue...
